# JRE version: OpenJDK Runtime Environment Temurin-17.0.9+9 (17.0.9+9) (build 17.0.9+9)
# Java VM: OpenJDK 64-Bit Server VM Temurin-17.0.9+9 (17.0.9+9, mixed mode, tiered, compressed oops, compressed class ptrs, parallel gc, windows-amd64)
GC Precious Log:
 CPUs: 12 total, 12 available
 Memory: 16225M
 Large Page Support: Disabled
 NUMA Support: Disabled
 Compressed Oops: Enabled (32-bit)
 Alignments: Space 512K, Generation 512K, Heap 2M
 Heap Min Capacity: 100M
 Heap Initial Capacity: 100M
 Heap Max Capacity: 1G
 Pre-touch: Disabled
 Parallel Workers: 10
Heap:
 PSYoungGen      total 13824K, used 11201K [0x00000000eab00000, 0x00000000ebc00000, 0x0000000100000000)
  eden space 10752K, 75% used [0x00000000eab00000,0x00000000eb2f36b0,0x00000000eb580000)
  from space 3072K, 99% used [0x00000000eb900000,0x00000000ebbfd018,0x00000000ebc00000)
  to   space 2048K, 0% used [0x00000000eb580000,0x00000000eb580000,0x00000000eb780000)
 ParOldGen       total 119808K, used 83983K [0x00000000c0000000, 0x00000000c7500000, 0x00000000eab00000)
  object space 119808K, 70% used [0x00000000c0000000,0x00000000c5203ea0,0x00000000c7500000)
 Metaspace       used 63069K, committed 64192K, reserved 1114112K
  class space    used 6865K, committed 7296K, reserved 1048576K
GC Heap History (20 events):
Event: 6.986 GC heap before
{Heap before GC invocations=40 (full 3):
 PSYoungGen      total 15360K, used 15335K [0x00000000eab00000, 0x00000000ec080000, 0x0000000100000000)
  eden space 13312K, 100% used [0x00000000eab00000,0x00000000eb800000,0x00000000eb800000)
  from space 2048K, 98% used [0x00000000ebe80000,0x00000000ec079d50,0x00000000ec080000)
  to   space 2560K, 0% used [0x00000000ebb80000,0x00000000ebb80000,0x00000000ebe00000)
 ParOldGen       total 68608K, used 65054K [0x00000000c0000000, 0x00000000c4300000, 0x00000000eab00000)
  object space 68608K, 94% used [0x00000000c0000000,0x00000000c3f878a0,0x00000000c4300000)
 Metaspace       used 60010K, committed 61120K, reserved 1114112K
  class space    used 6541K, committed 6976K, reserved 1048576K
}
Event: 6.989 GC heap after
{Heap after GC invocations=40 (full 3):
 PSYoungGen      total 15872K, used 2555K [0x00000000eab00000, 0x00000000ebf00000, 0x0000000100000000)
  eden space 13312K, 0% used [0x00000000eab00000,0x00000000eab00000,0x00000000eb800000)
  from space 2560K, 99% used [0x00000000ebb80000,0x00000000ebdfee58,0x00000000ebe00000)
  to   space 1024K, 0% used [0x00000000ebe00000,0x00000000ebe00000,0x00000000ebf00000)
 ParOldGen       total 68608K, used 66914K [0x00000000c0000000, 0x00000000c4300000, 0x00000000eab00000)
  object space 68608K, 97% used [0x00000000c0000000,0x00000000c4158bd0,0x00000000c4300000)
 Metaspace       used 60010K, committed 61120K, reserved 1114112K
  class space    used 6541K, committed 6976K, reserved 1048576K
}
Event: 6.989 GC heap before
{Heap before GC invocations=41 (full 4):
 PSYoungGen      total 15872K, used 2555K [0x00000000eab00000, 0x00000000ebf00000, 0x0000000100000000)
  eden space 13312K, 0% used [0x00000000eab00000,0x00000000eab00000,0x00000000eb800000)
  from space 2560K, 99% used [0x00000000ebb80000,0x00000000ebdfee58,0x00000000ebe00000)
  to   space 1024K, 0% used [0x00000000ebe00000,0x00000000ebe00000,0x00000000ebf00000)
 ParOldGen       total 68608K, used 66914K [0x00000000c0000000, 0x00000000c4300000, 0x00000000eab00000)
  object space 68608K, 97% used [0x00000000c0000000,0x00000000c4158bd0,0x00000000c4300000)
 Metaspace       used 60010K, committed 61120K, reserved 1114112K
  class space    used 6541K, committed 6976K, reserved 1048576K
}
Event: 7.063 GC heap after
{Heap after GC invocations=41 (full 4):
 PSYoungGen      total 14336K, used 418K [0x00000000eab00000, 0x00000000ebe80000, 0x0000000100000000)
  eden space 13824K, 0% used [0x00000000eab00000,0x00000000eab00000,0x00000000eb880000)
  from space 512K, 81% used [0x00000000ebb80000,0x00000000ebbe8bc8,0x00000000ebc00000)
  to   space 2560K, 0% used [0x00000000ebc00000,0x00000000ebc00000,0x00000000ebe80000)
 ParOldGen       total 119808K, used 68474K [0x00000000c0000000, 0x00000000c7500000, 0x00000000eab00000)
  object space 119808K, 57% used [0x00000000c0000000,0x00000000c42de8f0,0x00000000c7500000)
 Metaspace       used 60010K, committed 61120K, reserved 1114112K
  class space    used 6541K, committed 6976K, reserved 1048576K
}
Event: 7.132 GC heap before
{Heap before GC invocations=42 (full 4):
 PSYoungGen      total 14336K, used 14242K [0x00000000eab00000, 0x00000000ebe80000, 0x0000000100000000)
  eden space 13824K, 100% used [0x00000000eab00000,0x00000000eb880000,0x00000000eb880000)
  from space 512K, 81% used [0x00000000ebb80000,0x00000000ebbe8bc8,0x00000000ebc00000)
  to   space 2560K, 0% used [0x00000000ebc00000,0x00000000ebc00000,0x00000000ebe80000)
 ParOldGen       total 119808K, used 68474K [0x00000000c0000000, 0x00000000c7500000, 0x00000000eab00000)
  object space 119808K, 57% used [0x00000000c0000000,0x00000000c42de8f0,0x00000000c7500000)
 Metaspace       used 60898K, committed 62016K, reserved 1114112K
  class space    used 6646K, committed 7104K, reserved 1048576K
}
Event: 7.141 GC heap after
{Heap after GC invocations=42 (full 4):
 PSYoungGen      total 16384K, used 2541K [0x00000000eab00000, 0x00000000ec000000, 0x0000000100000000)
  eden space 13824K, 0% used [0x00000000eab00000,0x00000000eab00000,0x00000000eb880000)
  from space 2560K, 99% used [0x00000000ebc00000,0x00000000ebe7b780,0x00000000ebe80000)
  to   space 3584K, 0% used [0x00000000eb880000,0x00000000eb880000,0x00000000ebc00000)
 ParOldGen       total 119808K, used 68939K [0x00000000c0000000, 0x00000000c7500000, 0x00000000eab00000)
  object space 119808K, 57% used [0x00000000c0000000,0x00000000c4352d30,0x00000000c7500000)
 Metaspace       used 60898K, committed 62016K, reserved 1114112K
  class space    used 6646K, committed 7104K, reserved 1048576K
}
Event: 7.209 GC heap before
{Heap before GC invocations=43 (full 4):
 PSYoungGen      total 16384K, used 16365K [0x00000000eab00000, 0x00000000ec000000, 0x0000000100000000)
  eden space 13824K, 100% used [0x00000000eab00000,0x00000000eb880000,0x00000000eb880000)
  from space 2560K, 99% used [0x00000000ebc00000,0x00000000ebe7b780,0x00000000ebe80000)
  to   space 3584K, 0% used [0x00000000eb880000,0x00000000eb880000,0x00000000ebc00000)
 ParOldGen       total 119808K, used 68939K [0x00000000c0000000, 0x00000000c7500000, 0x00000000eab00000)
  object space 119808K, 57% used [0x00000000c0000000,0x00000000c4352d30,0x00000000c7500000)
 Metaspace       used 61410K, committed 62592K, reserved 1114112K
  class space    used 6692K, committed 7168K, reserved 1048576K
}
Event: 7.211 GC heap after
{Heap after GC invocations=43 (full 4):
 PSYoungGen      total 17408K, used 2605K [0x00000000eab00000, 0x00000000ebf00000, 0x0000000100000000)
  eden space 13824K, 0% used [0x00000000eab00000,0x00000000eab00000,0x00000000eb880000)
  from space 3584K, 72% used [0x00000000eb880000,0x00000000ebb0b530,0x00000000ebc00000)
  to   space 3072K, 0% used [0x00000000ebc00000,0x00000000ebc00000,0x00000000ebf00000)
 ParOldGen       total 119808K, used 71226K [0x00000000c0000000, 0x00000000c7500000, 0x00000000eab00000)
  object space 119808K, 59% used [0x00000000c0000000,0x00000000c458eaf0,0x00000000c7500000)
 Metaspace       used 61410K, committed 62592K, reserved 1114112K
  class space    used 6692K, committed 7168K, reserved 1048576K
}
Event: 7.273 GC heap before
{Heap before GC invocations=44 (full 4):
 PSYoungGen      total 17408K, used 16429K [0x00000000eab00000, 0x00000000ebf00000, 0x0000000100000000)
  eden space 13824K, 100% used [0x00000000eab00000,0x00000000eb880000,0x00000000eb880000)
  from space 3584K, 72% used [0x00000000eb880000,0x00000000ebb0b530,0x00000000ebc00000)
  to   space 3072K, 0% used [0x00000000ebc00000,0x00000000ebc00000,0x00000000ebf00000)
 ParOldGen       total 119808K, used 71226K [0x00000000c0000000, 0x00000000c7500000, 0x00000000eab00000)
  object space 119808K, 59% used [0x00000000c0000000,0x00000000c458eaf0,0x00000000c7500000)
 Metaspace       used 62006K, committed 63104K, reserved 1114112K
  class space    used 6738K, committed 7168K, reserved 1048576K
}
Event: 7.277 GC heap after
{Heap after GC invocations=44 (full 4):
 PSYoungGen      total 14848K, used 3061K [0x00000000eab00000, 0x00000000ec400000, 0x0000000100000000)
  eden space 11776K, 0% used [0x00000000eab00000,0x00000000eab00000,0x00000000eb680000)
  from space 3072K, 99% used [0x00000000ebc00000,0x00000000ebefd740,0x00000000ebf00000)
  to   space 5632K, 0% used [0x00000000eb680000,0x00000000eb680000,0x00000000ebc00000)
 ParOldGen       total 119808K, used 73306K [0x00000000c0000000, 0x00000000c7500000, 0x00000000eab00000)
  object space 119808K, 61% used [0x00000000c0000000,0x00000000c4796b68,0x00000000c7500000)
 Metaspace       used 62006K, committed 63104K, reserved 1114112K
  class space    used 6738K, committed 7168K, reserved 1048576K
}
Event: 7.330 GC heap before
{Heap before GC invocations=45 (full 4):
 PSYoungGen      total 14848K, used 14837K [0x00000000eab00000, 0x00000000ec400000, 0x0000000100000000)
  eden space 11776K, 100% used [0x00000000eab00000,0x00000000eb680000,0x00000000eb680000)
  from space 3072K, 99% used [0x00000000ebc00000,0x00000000ebefd740,0x00000000ebf00000)
  to   space 5632K, 0% used [0x00000000eb680000,0x00000000eb680000,0x00000000ebc00000)
 ParOldGen       total 119808K, used 73306K [0x00000000c0000000, 0x00000000c7500000, 0x00000000eab00000)
  object space 119808K, 61% used [0x00000000c0000000,0x00000000c4796b68,0x00000000c7500000)
 Metaspace       used 62143K, committed 63232K, reserved 1114112K
  class space    used 6749K, committed 7168K, reserved 1048576K
}
Event: 7.335 GC heap after
{Heap after GC invocations=45 (full 4):
 PSYoungGen      total 14848K, used 2597K [0x00000000eab00000, 0x00000000ebe00000, 0x0000000100000000)
  eden space 11776K, 0% used [0x00000000eab00000,0x00000000eab00000,0x00000000eb680000)
  from space 3072K, 84% used [0x00000000eb680000,0x00000000eb9096d0,0x00000000eb980000)
  to   space 3584K, 0% used [0x00000000eba80000,0x00000000eba80000,0x00000000ebe00000)
 ParOldGen       total 119808K, used 76124K [0x00000000c0000000, 0x00000000c7500000, 0x00000000eab00000)
  object space 119808K, 63% used [0x00000000c0000000,0x00000000c4a571d0,0x00000000c7500000)
 Metaspace       used 62143K, committed 63232K, reserved 1114112K
  class space    used 6749K, committed 7168K, reserved 1048576K
}
Event: 7.396 GC heap before
{Heap before GC invocations=46 (full 4):
 PSYoungGen      total 14848K, used 14373K [0x00000000eab00000, 0x00000000ebe00000, 0x0000000100000000)
  eden space 11776K, 100% used [0x00000000eab00000,0x00000000eb680000,0x00000000eb680000)
  from space 3072K, 84% used [0x00000000eb680000,0x00000000eb9096d0,0x00000000eb980000)
  to   space 3584K, 0% used [0x00000000eba80000,0x00000000eba80000,0x00000000ebe00000)
 ParOldGen       total 119808K, used 76124K [0x00000000c0000000, 0x00000000c7500000, 0x00000000eab00000)
  object space 119808K, 63% used [0x00000000c0000000,0x00000000c4a571d0,0x00000000c7500000)
 Metaspace       used 62274K, committed 63360K, reserved 1114112K
  class space    used 6788K, committed 7232K, reserved 1048576K
}
Event: 7.398 GC heap after
{Heap after GC invocations=46 (full 4):
 PSYoungGen      total 15360K, used 3574K [0x00000000eab00000, 0x00000000ebf00000, 0x0000000100000000)
  eden space 11776K, 0% used [0x00000000eab00000,0x00000000eab00000,0x00000000eb680000)
  from space 3584K, 99% used [0x00000000eba80000,0x00000000ebdfd818,0x00000000ebe00000)
  to   space 4096K, 0% used [0x00000000eb680000,0x00000000eb680000,0x00000000eba80000)
 ParOldGen       total 119808K, used 76236K [0x00000000c0000000, 0x00000000c7500000, 0x00000000eab00000)
  object space 119808K, 63% used [0x00000000c0000000,0x00000000c4a731d0,0x00000000c7500000)
 Metaspace       used 62274K, committed 63360K, reserved 1114112K
  class space    used 6788K, committed 7232K, reserved 1048576K
}
Event: 7.426 GC heap before
{Heap before GC invocations=47 (full 4):
 PSYoungGen      total 15360K, used 15350K [0x00000000eab00000, 0x00000000ebf00000, 0x0000000100000000)
  eden space 11776K, 100% used [0x00000000eab00000,0x00000000eb680000,0x00000000eb680000)
  from space 3584K, 99% used [0x00000000eba80000,0x00000000ebdfd818,0x00000000ebe00000)
  to   space 4096K, 0% used [0x00000000eb680000,0x00000000eb680000,0x00000000eba80000)
 ParOldGen       total 119808K, used 76236K [0x00000000c0000000, 0x00000000c7500000, 0x00000000eab00000)
  object space 119808K, 63% used [0x00000000c0000000,0x00000000c4a731d0,0x00000000c7500000)
 Metaspace       used 62333K, committed 63424K, reserved 1114112K
  class space    used 6801K, committed 7232K, reserved 1048576K
}
Event: 7.429 GC heap after
{Heap after GC invocations=47 (full 4):
 PSYoungGen      total 14336K, used 2198K [0x00000000eab00000, 0x00000000ebd00000, 0x0000000100000000)
  eden space 11776K, 0% used [0x00000000eab00000,0x00000000eab00000,0x00000000eb680000)
  from space 2560K, 85% used [0x00000000eb680000,0x00000000eb8a5af8,0x00000000eb900000)
  to   space 3072K, 0% used [0x00000000eba00000,0x00000000eba00000,0x00000000ebd00000)
 ParOldGen       total 119808K, used 79822K [0x00000000c0000000, 0x00000000c7500000, 0x00000000eab00000)
  object space 119808K, 66% used [0x00000000c0000000,0x00000000c4df3ac8,0x00000000c7500000)
 Metaspace       used 62333K, committed 63424K, reserved 1114112K
  class space    used 6801K, committed 7232K, reserved 1048576K
}
Event: 7.469 GC heap before
{Heap before GC invocations=48 (full 4):
 PSYoungGen      total 14336K, used 13974K [0x00000000eab00000, 0x00000000ebd00000, 0x0000000100000000)
  eden space 11776K, 100% used [0x00000000eab00000,0x00000000eb680000,0x00000000eb680000)
  from space 2560K, 85% used [0x00000000eb680000,0x00000000eb8a5af8,0x00000000eb900000)
  to   space 3072K, 0% used [0x00000000eba00000,0x00000000eba00000,0x00000000ebd00000)
 ParOldGen       total 119808K, used 79822K [0x00000000c0000000, 0x00000000c7500000, 0x00000000eab00000)
  object space 119808K, 66% used [0x00000000c0000000,0x00000000c4df3ac8,0x00000000c7500000)
 Metaspace       used 62488K, committed 63552K, reserved 1114112K
  class space    used 6814K, committed 7232K, reserved 1048576K
}
Event: 7.471 GC heap after
{Heap after GC invocations=48 (full 4):
 PSYoungGen      total 13824K, used 3055K [0x00000000eab00000, 0x00000000ec000000, 0x0000000100000000)
  eden space 10752K, 0% used [0x00000000eab00000,0x00000000eab00000,0x00000000eb580000)
  from space 3072K, 99% used [0x00000000eba00000,0x00000000ebcfbdf0,0x00000000ebd00000)
  to   space 4608K, 0% used [0x00000000eb580000,0x00000000eb580000,0x00000000eba00000)
 ParOldGen       total 119808K, used 80870K [0x00000000c0000000, 0x00000000c7500000, 0x00000000eab00000)
  object space 119808K, 67% used [0x00000000c0000000,0x00000000c4ef9a90,0x00000000c7500000)
 Metaspace       used 62488K, committed 63552K, reserved 1114112K
  class space    used 6814K, committed 7232K, reserved 1048576K
}
Event: 7.514 GC heap before
{Heap before GC invocations=49 (full 4):
 PSYoungGen      total 13824K, used 13807K [0x00000000eab00000, 0x00000000ec000000, 0x0000000100000000)
  eden space 10752K, 100% used [0x00000000eab00000,0x00000000eb580000,0x00000000eb580000)
  from space 3072K, 99% used [0x00000000eba00000,0x00000000ebcfbdf0,0x00000000ebd00000)
  to   space 4608K, 0% used [0x00000000eb580000,0x00000000eb580000,0x00000000eba00000)
 ParOldGen       total 119808K, used 80870K [0x00000000c0000000, 0x00000000c7500000, 0x00000000eab00000)
  object space 119808K, 67% used [0x00000000c0000000,0x00000000c4ef9a90,0x00000000c7500000)
 Metaspace       used 62738K, committed 63872K, reserved 1114112K
  class space    used 6828K, committed 7296K, reserved 1048576K
}
Event: 7.517 GC heap after
{Heap after GC invocations=49 (full 4):
 PSYoungGen      total 12800K, used 1838K [0x00000000eab00000, 0x00000000ebc00000, 0x0000000100000000)
  eden space 10752K, 0% used [0x00000000eab00000,0x00000000eab00000,0x00000000eb580000)
  from space 2048K, 89% used [0x00000000eb580000,0x00000000eb74b890,0x00000000eb780000)
  to   space 3072K, 0% used [0x00000000eb900000,0x00000000eb900000,0x00000000ebc00000)
 ParOldGen       total 119808K, used 83936K [0x00000000c0000000, 0x00000000c7500000, 0x00000000eab00000)
  object space 119808K, 70% used [0x00000000c0000000,0x00000000c51f8180,0x00000000c7500000)
 Metaspace       used 62738K, committed 63872K, reserved 1114112K
  class space    used 6828K, committed 7296K, reserved 1048576K
}

